<?xml version="1.0" encoding="UTF-8"?>
<!-- Generated by org.testng.reporters.JUnitReportReporter -->
<testsuite hostname="DESKTOP-5P6L34C" failures="0" tests="2" name="training.testng.Annotations3" time="0.002" errors="0" timestamp="2022-08-14T11:53:28 IST" skipped="0">
  <testcase classname="training.testng.Annotations3" name="secondTest" time="0.001"/>
  <system-out/>
  <testcase classname="training.testng.Annotations3" name="firstTest" time="0.001"/>
  <system-out/>
</testsuite> <!-- training.testng.Annotations3 -->
