<?xml version="1.0" encoding="UTF-8"?>
<!-- Generated by org.testng.reporters.JUnitReportReporter -->
<testsuite hostname="DESKTOP-5P6L34C" failures="0" tests="5" name="training.testng.dataprovider.DataProviderExample" time="0.010" errors="0" timestamp="2022-08-14T16:02:44 IST" skipped="0">
  <testcase classname="training.testng.dataprovider.DataProviderExample" name="dataProvider1ExampleTest" time="0.001"/>
  <system-out>
    <![CDATA[This is a test log]]>
  </system-out>
  <testcase classname="training.testng.dataprovider.DataProviderExample" name="dataProviderExampleTest" time="0.000"/>
  <system-out/>
  <testcase classname="training.testng.dataprovider.DataProviderExample" name="dataProvider1ExampleTest" time="0.008"/>
  <system-out>
    <![CDATA[This is a test log]]>
  </system-out>
  <testcase classname="training.testng.dataprovider.DataProviderExample" name="dataProvider1ExampleTest" time="0.000"/>
  <system-out>
    <![CDATA[This is a test log]]>
  </system-out>
  <testcase classname="training.testng.dataprovider.DataProviderExample" name="dataProviderExampleTest" time="0.001"/>
  <system-out/>
</testsuite> <!-- training.testng.dataprovider.DataProviderExample -->
