<?xml version="1.0" encoding="UTF-8"?>
<!-- Generated by org.testng.reporters.JUnitReportReporter -->
<testsuite hostname="DESKTOP-5P6L34C" failures="0" tests="5" name="training.testng.ParallerExecution" time="0.011" errors="0" timestamp="2022-08-14T16:15:32 IST" skipped="0">
  <testcase classname="training.testng.ParallerExecution" name="test2" time="0.001"/>
  <system-out/>
  <testcase classname="training.testng.ParallerExecution" name="test" time="0.008"/>
  <system-out/>
  <testcase classname="training.testng.ParallerExecution" name="test3" time="0.000"/>
  <system-out/>
  <testcase classname="training.testng.ParallerExecution" name="test4" time="0.001"/>
  <system-out/>
  <testcase classname="training.testng.ParallerExecution" name="test5" time="0.001"/>
  <system-out/>
</testsuite> <!-- training.testng.ParallerExecution -->
