<?xml version="1.0" encoding="UTF-8"?>
<!-- Generated by org.testng.reporters.JUnitReportReporter -->
<testsuite hostname="DESKTOP-5P6L34C" failures="0" tests="3" name="training.testng.Annotations" time="0.002" errors="0" timestamp="2022-08-14T15:13:05 IST" skipped="0">
  <testcase classname="training.testng.Annotations" name="testThree" time="0.001"/>
  <system-out/>
  <testcase classname="training.testng.Annotations" name="testOne" time="0.001"/>
  <system-out/>
  <testcase classname="training.testng.Annotations" name="testTwo" time="0.000"/>
  <system-out/>
</testsuite> <!-- training.testng.Annotations -->
