<?xml version="1.0" encoding="UTF-8"?>
<!-- Generated by org.testng.reporters.JUnitReportReporter -->
<testsuite hostname="DESKTOP-5P6L34C" failures="0" tests="1" name="training.testng.ParameterAnnotation" time="0.008" errors="0" timestamp="2022-08-14T15:24:58 IST" skipped="0">
  <testcase classname="training.testng.ParameterAnnotation" name="testOne" time="0.008"/>
  <system-out/>
</testsuite> <!-- training.testng.ParameterAnnotation -->
