<?xml version="1.0" encoding="UTF-8"?>
<!-- Generated by org.testng.reporters.JUnitReportReporter -->
<testsuite hostname="DESKTOP-5P6L34C" failures="0" tests="1" name="training.testng.dataprovider.DataProviderExample" time="0.006" errors="0" timestamp="2022-08-14T15:43:42 IST" skipped="0">
  <testcase classname="training.testng.dataprovider.DataProviderExample" name="dataProvider1ExampleTest" time="0.006"/>
  <system-out/>
</testsuite> <!-- training.testng.dataprovider.DataProviderExample -->
