<?xml version="1.0" encoding="UTF-8"?>
<!-- Generated by org.testng.reporters.JUnitReportReporter -->
<testsuite hostname="DESKTOP-5P6L34C" failures="0" tests="2" name="training.testng.TestPrioritization" time="0.012" errors="0" timestamp="2022-08-14T14:43:08 IST" skipped="0">
  <testcase classname="training.testng.TestPrioritization" name="createPatient" time="0.010"/>
  <system-out/>
  <testcase classname="training.testng.TestPrioritization" name="updatePatient" time="0.002"/>
  <system-out/>
</testsuite> <!-- training.testng.TestPrioritization -->
